<?xml version='1.0' encoding='UTF-8'?>
<testsuite hostname="Mohit" name="EmailValidatorTest" tests="1" errors="0" failures="0" skipped="0" time="0.065" timestamp="2021-01-20T21:41:12">
                     <properties>
[...]
</properties>
                     <testcase classname="EmailValidatorTest" name="Should return true if email is valid" time="0.065">
                                                 
                                               </testcase>
                     <system-out><![CDATA[]]></system-out>
                     <system-err><![CDATA[]]></system-err>
                   </testsuite>